2023/06/11 23:29:45 [notice] 1#1: using the "epoll" event method
2023/06/11 23:29:45 [notice] 1#1: nginx/1.25.0
2023/06/11 23:29:45 [notice] 1#1: built by gcc 10.2.1 20210110 (Debian 10.2.1-6) 
2023/06/11 23:29:45 [notice] 1#1: OS: Linux 5.15.49-linuxkit
2023/06/11 23:29:45 [notice] 1#1: getrlimit(RLIMIT_NOFILE): 1048576:1048576
2023/06/11 23:29:45 [notice] 1#1: start worker processes
2023/06/11 23:29:45 [notice] 1#1: start worker process 20
2023/06/11 23:29:45 [notice] 1#1: start worker process 21
2023/06/11 23:29:45 [notice] 1#1: start worker process 22
2023/06/11 23:29:45 [notice] 1#1: start worker process 23
2023/06/11 23:29:45 [notice] 1#1: start worker process 24
2023/06/11 23:29:45 [notice] 1#1: start worker process 25
2023/06/11 23:29:51 [notice] 1#1: signal 3 (SIGQUIT) received, shutting down
2023/06/11 23:29:51 [notice] 22#22: gracefully shutting down
2023/06/11 23:29:51 [notice] 21#21: gracefully shutting down
2023/06/11 23:29:51 [notice] 20#20: gracefully shutting down
2023/06/11 23:29:51 [notice] 25#25: gracefully shutting down
2023/06/11 23:29:51 [notice] 23#23: gracefully shutting down
2023/06/11 23:29:51 [notice] 24#24: gracefully shutting down
2023/06/11 23:29:51 [notice] 22#22: exiting
2023/06/11 23:29:51 [notice] 21#21: exiting
2023/06/11 23:29:51 [notice] 22#22: exit
2023/06/11 23:29:51 [notice] 20#20: exiting
2023/06/11 23:29:51 [notice] 25#25: exiting
2023/06/11 23:29:51 [notice] 25#25: exit
2023/06/11 23:29:51 [notice] 23#23: exiting
2023/06/11 23:29:51 [notice] 23#23: exit
2023/06/11 23:29:51 [notice] 24#24: exiting
2023/06/11 23:29:51 [notice] 21#21: exit
2023/06/11 23:29:51 [notice] 20#20: exit
2023/06/11 23:29:51 [notice] 24#24: exit
2023/06/11 23:29:51 [notice] 1#1: signal 17 (SIGCHLD) received from 22
2023/06/11 23:29:51 [notice] 1#1: worker process 22 exited with code 0
2023/06/11 23:29:51 [notice] 1#1: signal 29 (SIGIO) received
2023/06/11 23:29:51 [notice] 1#1: signal 17 (SIGCHLD) received from 25
2023/06/11 23:29:51 [notice] 1#1: worker process 21 exited with code 0
2023/06/11 23:29:51 [notice] 1#1: worker process 23 exited with code 0
2023/06/11 23:29:51 [notice] 1#1: worker process 25 exited with code 0
2023/06/11 23:29:51 [notice] 1#1: signal 29 (SIGIO) received
2023/06/11 23:29:51 [notice] 1#1: signal 17 (SIGCHLD) received from 23
2023/06/11 23:29:51 [notice] 1#1: signal 17 (SIGCHLD) received from 24
2023/06/11 23:29:51 [notice] 1#1: worker process 20 exited with code 0
2023/06/11 23:29:51 [notice] 1#1: worker process 24 exited with code 0
2023/06/11 23:29:51 [notice] 1#1: exit
2023/06/11 23:29:57 [notice] 1#1: using the "epoll" event method
2023/06/11 23:29:57 [notice] 1#1: nginx/1.25.0
2023/06/11 23:29:57 [notice] 1#1: built by gcc 10.2.1 20210110 (Debian 10.2.1-6) 
2023/06/11 23:29:57 [notice] 1#1: OS: Linux 5.15.49-linuxkit
2023/06/11 23:29:57 [notice] 1#1: getrlimit(RLIMIT_NOFILE): 1048576:1048576
2023/06/11 23:29:57 [notice] 1#1: start worker processes
2023/06/11 23:29:57 [notice] 1#1: start worker process 19
2023/06/11 23:29:57 [notice] 1#1: start worker process 20
2023/06/11 23:29:57 [notice] 1#1: start worker process 21
2023/06/11 23:29:57 [notice] 1#1: start worker process 22
2023/06/11 23:29:57 [notice] 1#1: start worker process 23
2023/06/11 23:29:57 [notice] 1#1: start worker process 24
2023/06/11 23:30:03 [notice] 1#1: signal 3 (SIGQUIT) received, shutting down
2023/06/11 23:30:03 [notice] 19#19: gracefully shutting down
2023/06/11 23:30:03 [notice] 20#20: gracefully shutting down
2023/06/11 23:30:03 [notice] 21#21: gracefully shutting down
2023/06/11 23:30:03 [notice] 22#22: gracefully shutting down
2023/06/11 23:30:03 [notice] 22#22: exiting
2023/06/11 23:30:03 [notice] 23#23: gracefully shutting down
2023/06/11 23:30:03 [notice] 24#24: gracefully shutting down
2023/06/11 23:30:03 [notice] 19#19: exiting
2023/06/11 23:30:03 [notice] 20#20: exiting
2023/06/11 23:30:03 [notice] 21#21: exiting
2023/06/11 23:30:03 [notice] 21#21: exit
2023/06/11 23:30:03 [notice] 22#22: exit
2023/06/11 23:30:03 [notice] 23#23: exiting
2023/06/11 23:30:03 [notice] 24#24: exiting
2023/06/11 23:30:03 [notice] 19#19: exit
2023/06/11 23:30:03 [notice] 20#20: exit
2023/06/11 23:30:03 [notice] 23#23: exit
2023/06/11 23:30:03 [notice] 24#24: exit
2023/06/11 23:30:03 [notice] 1#1: signal 17 (SIGCHLD) received from 21
2023/06/11 23:30:03 [notice] 1#1: worker process 21 exited with code 0
2023/06/11 23:30:03 [notice] 1#1: worker process 22 exited with code 0
2023/06/11 23:30:03 [notice] 1#1: signal 29 (SIGIO) received
2023/06/11 23:30:03 [notice] 1#1: signal 17 (SIGCHLD) received from 22
2023/06/11 23:30:03 [notice] 1#1: signal 17 (SIGCHLD) received from 19
2023/06/11 23:30:03 [notice] 1#1: worker process 19 exited with code 0
2023/06/11 23:30:03 [notice] 1#1: signal 29 (SIGIO) received
2023/06/11 23:30:03 [notice] 1#1: signal 17 (SIGCHLD) received from 24
2023/06/11 23:30:03 [notice] 1#1: worker process 24 exited with code 0
2023/06/11 23:30:03 [notice] 1#1: signal 29 (SIGIO) received
2023/06/11 23:30:03 [notice] 1#1: signal 17 (SIGCHLD) received from 20
2023/06/11 23:30:03 [notice] 1#1: worker process 20 exited with code 0
2023/06/11 23:30:03 [notice] 1#1: signal 29 (SIGIO) received
2023/06/11 23:30:03 [notice] 1#1: signal 17 (SIGCHLD) received from 23
2023/06/11 23:30:03 [notice] 1#1: worker process 23 exited with code 0
2023/06/11 23:30:03 [notice] 1#1: exit
2023/06/11 23:30:07 [notice] 1#1: using the "epoll" event method
2023/06/11 23:30:07 [notice] 1#1: nginx/1.25.0
2023/06/11 23:30:07 [notice] 1#1: built by gcc 10.2.1 20210110 (Debian 10.2.1-6) 
2023/06/11 23:30:07 [notice] 1#1: OS: Linux 5.15.49-linuxkit
2023/06/11 23:30:07 [notice] 1#1: getrlimit(RLIMIT_NOFILE): 1048576:1048576
2023/06/11 23:30:07 [notice] 1#1: start worker processes
2023/06/11 23:30:07 [notice] 1#1: start worker process 20
2023/06/11 23:30:07 [notice] 1#1: start worker process 21
2023/06/11 23:30:07 [notice] 1#1: start worker process 22
2023/06/11 23:30:07 [notice] 1#1: start worker process 23
2023/06/11 23:30:07 [notice] 1#1: start worker process 24
2023/06/11 23:30:07 [notice] 1#1: start worker process 25
2023/06/11 23:31:21 [notice] 1#1: signal 3 (SIGQUIT) received, shutting down
2023/06/11 23:31:21 [notice] 20#20: gracefully shutting down
2023/06/11 23:31:21 [notice] 21#21: gracefully shutting down
2023/06/11 23:31:21 [notice] 22#22: gracefully shutting down
2023/06/11 23:31:21 [notice] 24#24: gracefully shutting down
2023/06/11 23:31:21 [notice] 21#21: exiting
2023/06/11 23:31:21 [notice] 24#24: exiting
2023/06/11 23:31:21 [notice] 25#25: gracefully shutting down
2023/06/11 23:31:21 [notice] 23#23: gracefully shutting down
2023/06/11 23:31:21 [notice] 20#20: exiting
2023/06/11 23:31:21 [notice] 22#22: exiting
2023/06/11 23:31:21 [notice] 24#24: exit
2023/06/11 23:31:21 [notice] 25#25: exiting
2023/06/11 23:31:21 [notice] 23#23: exiting
2023/06/11 23:31:21 [notice] 20#20: exit
2023/06/11 23:31:21 [notice] 21#21: exit
2023/06/11 23:31:21 [notice] 22#22: exit
2023/06/11 23:31:21 [notice] 25#25: exit
2023/06/11 23:31:21 [notice] 23#23: exit
2023/06/11 23:31:21 [notice] 1#1: signal 17 (SIGCHLD) received from 25
2023/06/11 23:31:21 [notice] 1#1: worker process 20 exited with code 0
2023/06/11 23:31:21 [notice] 1#1: worker process 25 exited with code 0
2023/06/11 23:31:21 [notice] 1#1: signal 29 (SIGIO) received
2023/06/11 23:31:21 [notice] 1#1: signal 17 (SIGCHLD) received from 21
2023/06/11 23:31:21 [notice] 1#1: worker process 21 exited with code 0
2023/06/11 23:31:21 [notice] 1#1: worker process 22 exited with code 0
2023/06/11 23:31:21 [notice] 1#1: worker process 24 exited with code 0
2023/06/11 23:31:21 [notice] 1#1: signal 29 (SIGIO) received
2023/06/11 23:31:21 [notice] 1#1: signal 17 (SIGCHLD) received from 24
2023/06/11 23:31:21 [notice] 1#1: signal 17 (SIGCHLD) received from 23
2023/06/11 23:31:21 [notice] 1#1: worker process 23 exited with code 0
2023/06/11 23:31:21 [notice] 1#1: exit
2023/06/11 23:31:25 [notice] 1#1: using the "epoll" event method
2023/06/11 23:31:25 [notice] 1#1: nginx/1.25.0
2023/06/11 23:31:25 [notice] 1#1: built by gcc 10.2.1 20210110 (Debian 10.2.1-6) 
2023/06/11 23:31:25 [notice] 1#1: OS: Linux 5.15.49-linuxkit
2023/06/11 23:31:25 [notice] 1#1: getrlimit(RLIMIT_NOFILE): 1048576:1048576
2023/06/11 23:31:25 [notice] 1#1: start worker processes
2023/06/11 23:31:25 [notice] 1#1: start worker process 20
2023/06/11 23:31:25 [notice] 1#1: start worker process 21
2023/06/11 23:31:25 [notice] 1#1: start worker process 22
2023/06/11 23:31:25 [notice] 1#1: start worker process 23
2023/06/11 23:31:25 [notice] 1#1: start worker process 24
2023/06/11 23:31:25 [notice] 1#1: start worker process 25
2023/06/11 23:33:59 [error] 21#21: *2 connect() failed (111: Connection refused) while connecting to upstream, client: 172.30.0.1, server: localhost, request: "GET /medsoft/ HTTP/1.1", upstream: "http://172.30.0.3:8888/", host: "localhost"
2023/06/11 23:35:05 [error] 22#22: *4 connect() failed (111: Connection refused) while connecting to upstream, client: 172.30.0.1, server: localhost, request: "GET /medsoft/ HTTP/1.1", upstream: "http://172.30.0.3:8888/", host: "localhost"
2023/06/11 23:37:42 [error] 23#23: *6 connect() failed (111: Connection refused) while connecting to upstream, client: 172.30.0.1, server: localhost, request: "GET /medsoft/ HTTP/1.1", upstream: "http://172.30.0.3:8888/", host: "localhost"
2023/06/11 23:37:46 [error] 23#23: *6 connect() failed (111: Connection refused) while connecting to upstream, client: 172.30.0.1, server: localhost, request: "GET /medsoft/ HTTP/1.1", upstream: "http://172.30.0.3:8888/", host: "localhost"
2023/06/11 23:39:23 [error] 24#24: *10 connect() failed (111: Connection refused) while connecting to upstream, client: 172.30.0.1, server: localhost, request: "POST /medsoft/user HTTP/1.1", upstream: "http://172.30.0.3:8888/user", host: "localhost:80"
2023/06/11 23:40:18 [notice] 1#1: signal 3 (SIGQUIT) received, shutting down
2023/06/11 23:40:18 [notice] 22#22: gracefully shutting down
2023/06/11 23:40:18 [notice] 23#23: gracefully shutting down
2023/06/11 23:40:18 [notice] 25#25: gracefully shutting down
2023/06/11 23:40:18 [notice] 20#20: gracefully shutting down
2023/06/11 23:40:18 [notice] 23#23: exiting
2023/06/11 23:40:18 [notice] 21#21: gracefully shutting down
2023/06/11 23:40:18 [notice] 24#24: gracefully shutting down
2023/06/11 23:40:18 [notice] 23#23: exit
2023/06/11 23:40:18 [notice] 22#22: exiting
2023/06/11 23:40:18 [notice] 25#25: exiting
2023/06/11 23:40:18 [notice] 25#25: exit
2023/06/11 23:40:18 [notice] 20#20: exiting
2023/06/11 23:40:18 [notice] 21#21: exiting
2023/06/11 23:40:18 [notice] 21#21: exit
2023/06/11 23:40:18 [notice] 22#22: exit
2023/06/11 23:40:18 [notice] 24#24: exiting
2023/06/11 23:40:18 [notice] 20#20: exit
2023/06/11 23:40:18 [notice] 24#24: exit
2023/06/11 23:40:18 [notice] 1#1: signal 17 (SIGCHLD) received from 22
2023/06/11 23:40:18 [notice] 1#1: worker process 22 exited with code 0
2023/06/11 23:40:18 [notice] 1#1: signal 29 (SIGIO) received
2023/06/11 23:40:18 [notice] 1#1: signal 17 (SIGCHLD) received from 23
2023/06/11 23:40:18 [notice] 1#1: worker process 21 exited with code 0
2023/06/11 23:40:18 [notice] 1#1: worker process 23 exited with code 0
2023/06/11 23:40:18 [notice] 1#1: signal 29 (SIGIO) received
2023/06/11 23:40:18 [notice] 1#1: signal 17 (SIGCHLD) received from 20
2023/06/11 23:40:18 [notice] 1#1: worker process 20 exited with code 0
2023/06/11 23:40:18 [notice] 1#1: worker process 24 exited with code 0
2023/06/11 23:40:18 [notice] 1#1: worker process 25 exited with code 0
2023/06/11 23:40:18 [notice] 1#1: exit
2023/06/11 23:40:49 [notice] 1#1: using the "epoll" event method
2023/06/11 23:40:49 [notice] 1#1: nginx/1.25.0
2023/06/11 23:40:49 [notice] 1#1: built by gcc 10.2.1 20210110 (Debian 10.2.1-6) 
2023/06/11 23:40:49 [notice] 1#1: OS: Linux 5.15.49-linuxkit
2023/06/11 23:40:49 [notice] 1#1: getrlimit(RLIMIT_NOFILE): 1048576:1048576
2023/06/11 23:40:49 [notice] 1#1: start worker processes
2023/06/11 23:40:49 [notice] 1#1: start worker process 20
2023/06/11 23:40:49 [notice] 1#1: start worker process 21
2023/06/11 23:40:49 [notice] 1#1: start worker process 22
2023/06/11 23:40:49 [notice] 1#1: start worker process 23
2023/06/11 23:40:49 [notice] 1#1: start worker process 24
2023/06/11 23:40:49 [notice] 1#1: start worker process 25
